<?xml version="1.0" encoding="UTF-8"?>
<!-- Generated by org.testng.reporters.JUnitReportReporter -->
<testsuite hostname="DESKTOP-CIK2MVL" failures="0" tests="1" name="cucumber.TestNGTestRunner" time="14.672" errors="0" timestamp="2024-06-03T16:30:46 EDT" skipped="0">
  <testcase classname="cucumber.TestNGTestRunner" name="runScenario" time="14.672"/>
  <system-out/>
</testsuite> <!-- cucumber.TestNGTestRunner -->
