<?xml version="1.0" encoding="UTF-8"?>
<!-- Generated by org.testng.reporters.JUnitReportReporter -->
<testsuite hostname="DESKTOP-CIK2MVL" failures="0" tests="3" name="rahulshettyacademy.Tests.SubmitAloneOrderTest" time="24.680" errors="0" timestamp="2024-05-12T20:04:49 EDT" skipped="0">
  <testcase classname="rahulshettyacademy.Tests.SubmitAloneOrderTest" name="SubmitAloneOrder" time="10.271"/>
  <system-out/>
  <testcase classname="rahulshettyacademy.Tests.SubmitAloneOrderTest" name="SubmitAloneOrder" time="8.607"/>
  <system-out/>
  <testcase classname="rahulshettyacademy.Tests.SubmitAloneOrderTest" name="OrderHistory" time="5.802"/>
  <system-out/>
</testsuite> <!-- rahulshettyacademy.Tests.SubmitAloneOrderTest -->
