<?xml version="1.0" encoding="UTF-8"?>
<!-- Generated by org.testng.reporters.JUnitReportReporter -->
<testsuite hostname="DESKTOP-CIK2MVL" failures="0" tests="1" name="cucumber.TestNGTestRunner" time="9.969" errors="0" timestamp="2024-05-15T18:21:25 EDT" skipped="0">
  <testcase classname="cucumber.TestNGTestRunner" name="runScenario" time="9.969"/>
</testsuite> <!-- cucumber.TestNGTestRunner -->
